Warning: ignoring unsupported tag `ALLOW_UNICODE_NAMES    =' at line 79, file /home/travis/build/senyacherenkov/lesson_12_homework/Doxyfile
Warning: ignoring unsupported tag `GROUP_NESTED_COMPOUNDS =' at line 351, file /home/travis/build/senyacherenkov/lesson_12_homework/Doxyfile
Warning: ignoring unsupported tag `HIDE_COMPOUND_REFERENCE=' at line 522, file /home/travis/build/senyacherenkov/lesson_12_homework/Doxyfile
Warning: ignoring unsupported tag `WARN_AS_ERROR          =' at line 746, file /home/travis/build/senyacherenkov/lesson_12_homework/Doxyfile
Warning: Tag `CLANG_ASSISTED_PARSING' at line 1020 of file /home/travis/build/senyacherenkov/lesson_12_homework/Doxyfile belongs to an option that was not enabled at compile time.
To avoid this warning please remove this line from your configuration file, upgrade it using "doxygen -u", or recompile doxygen with this feature enabled.
Warning: Tag `CLANG_OPTIONS' at line 1028 of file /home/travis/build/senyacherenkov/lesson_12_homework/Doxyfile belongs to an option that was not enabled at compile time.
To avoid this warning please remove this line from your configuration file, upgrade it using "doxygen -u", or recompile doxygen with this feature enabled.
Warning: ignoring unsupported tag `LATEX_EXTRA_STYLESHEET =' at line 1700, file /home/travis/build/senyacherenkov/lesson_12_homework/Doxyfile
Warning: ignoring unsupported tag `LATEX_TIMESTAMP        =' at line 1767, file /home/travis/build/senyacherenkov/lesson_12_homework/Doxyfile
Warning: ignoring unsupported tag `RTF_SOURCE_CODE        =' at line 1833, file /home/travis/build/senyacherenkov/lesson_12_homework/Doxyfile
Warning: ignoring unsupported tag `MAN_SUBDIR             =' at line 1868, file /home/travis/build/senyacherenkov/lesson_12_homework/Doxyfile
Warning: ignoring unsupported tag `DOCBOOK_PROGRAMLISTING =' at line 1931, file /home/travis/build/senyacherenkov/lesson_12_homework/Doxyfile
Warning: ignoring unsupported tag `PLANTUML_JAR_PATH      =' at line 2362, file /home/travis/build/senyacherenkov/lesson_12_homework/Doxyfile
Warning: ignoring unsupported tag `PLANTUML_INCLUDE_PATH  =' at line 2367, file /home/travis/build/senyacherenkov/lesson_12_homework/Doxyfile
Searching for include files...
Searching for example files...
Searching for images...
Searching for dot files...
Searching for msc files...
Searching for dia files...
Searching for files to exclude
Searching for files to process...
Searching for files in directory /home/travis/build/senyacherenkov/lesson_12_homework
Reading and parsing tag files
Parsing files
Preprocessing /home/travis/build/senyacherenkov/lesson_12_homework/controller.h...
Parsing file /home/travis/build/senyacherenkov/lesson_12_homework/controller.h...
Preprocessing /home/travis/build/senyacherenkov/lesson_12_homework/gliph.h...
Parsing file /home/travis/build/senyacherenkov/lesson_12_homework/gliph.h...
Preprocessing /home/travis/build/senyacherenkov/lesson_12_homework/main.cpp...
Parsing file /home/travis/build/senyacherenkov/lesson_12_homework/main.cpp...
Preprocessing /home/travis/build/senyacherenkov/lesson_12_homework/model.cpp...
Parsing file /home/travis/build/senyacherenkov/lesson_12_homework/model.cpp...
Preprocessing /home/travis/build/senyacherenkov/lesson_12_homework/model.h...
Parsing file /home/travis/build/senyacherenkov/lesson_12_homework/model.h...
Reading /home/travis/build/senyacherenkov/lesson_12_homework/README.md...
Preprocessing /home/travis/build/senyacherenkov/lesson_12_homework/view.h...
Parsing file /home/travis/build/senyacherenkov/lesson_12_homework/view.h...
Building group list...
Building directory list...
Building namespace list...
Building file list...
Building class list...
Associating documentation with classes...
Computing nesting relations for classes...
Building example list...
Searching for enumerations...
Searching for documented typedefs...
Searching for members imported via using declarations...
Searching for included using directives...
Searching for documented variables...
Building interface member list...
Building member list...
Searching for friends...
Searching for documented defines...
Computing class inheritance relations...
Computing class usage relations...
Flushing cached template relations that have become invalid...
Creating members for template instances...
Computing class relations...
Add enum values to enums...
Searching for member function documentation...
Building page list...
Search for main page...
Computing page relations...
Determining the scope of groups...
Sorting lists...
Freeing entry tree
Determining which enums are documented
Computing member relations...
Building full member lists recursively...
Adding members to member groups.
Computing member references...
Inheriting documentation...
Generating disk names...
Adding source references...
Adding xrefitems...
Sorting member lists...
Computing dependencies between directories...
Generating citations page...
Counting data structures...
Resolving user defined references...
Finding anchors and sections in the documentation...
Transferring function references...
Combining using relations...
Adding members to index pages...
Generating style sheet...
Generating search indices...
Generating example documentation...
Generating file sources...
Generating code for file /home/travis/build/senyacherenkov/lesson_12_homework/controller.h...
Generating code for file /home/travis/build/senyacherenkov/lesson_12_homework/gliph.h...
Generating code for file /home/travis/build/senyacherenkov/lesson_12_homework/model.h...
Generating code for file /home/travis/build/senyacherenkov/lesson_12_homework/view.h...
Generating file documentation...
Generating docs for file /home/travis/build/senyacherenkov/lesson_12_homework/controller.h...
Generating docs for file /home/travis/build/senyacherenkov/lesson_12_homework/gliph.h...
Generating docs for file /home/travis/build/senyacherenkov/lesson_12_homework/main.cpp...
Generating docs for file /home/travis/build/senyacherenkov/lesson_12_homework/model.cpp...
Generating docs for file /home/travis/build/senyacherenkov/lesson_12_homework/model.h...
Generating docs for file /home/travis/build/senyacherenkov/lesson_12_homework/README.md...
Generating docs for file /home/travis/build/senyacherenkov/lesson_12_homework/view.h...
Generating page documentation...
Generating docs for page md__home_travis_build_senyacherenkov_lesson_12_homework_README...
Generating group documentation...
Generating class documentation...
Generating docs for compound DrawController...
Generating docs for compound DrawModel...
Generating docs for compound Glyph...
Generating docs for compound MenuController...
Generating docs for compound MenuModel...
Generating docs for compound Model...
Generating docs for compound SimpleGlyph...
Generating docs for compound View...
Generating namespace index...
Generating graph info page...
Generating directory documentation...
Generating index page...
Generating page index...
Generating module index...
Generating namespace index...
Generating namespace member index...
Generating annotated compound index...
Generating alphabetical compound index...
Generating hierarchical class index...
Generating graphical class hierarchy...
Generating member index...
Generating file index...
Generating file member index...
Generating example index...
finalizing index lists...
Running dot...
Generating dot graphs using 3 parallel threads...
Running dot for graph 1/42
Running dot for graph 2/42
Running dot for graph 3/42
Running dot for graph 4/42
Running dot for graph 5/42
Running dot for graph 6/42
Running dot for graph 7/42
Running dot for graph 8/42
Running dot for graph 9/42
Running dot for graph 10/42
Running dot for graph 11/42
Running dot for graph 12/42
Running dot for graph 13/42
Running dot for graph 14/42
Running dot for graph 15/42
Running dot for graph 16/42
Running dot for graph 17/42
Running dot for graph 18/42
Running dot for graph 19/42
Running dot for graph 20/42
Running dot for graph 21/42
Running dot for graph 22/42
Running dot for graph 23/42
Running dot for graph 24/42
Running dot for graph 25/42
Running dot for graph 26/42
Running dot for graph 27/42
Running dot for graph 28/42
Running dot for graph 29/42
Running dot for graph 30/42
Running dot for graph 31/42
Running dot for graph 32/42
Running dot for graph 33/42
Running dot for graph 34/42
Running dot for graph 35/42
Running dot for graph 36/42
Running dot for graph 37/42
Running dot for graph 38/42
Running dot for graph 39/42
Running dot for graph 40/42
Running dot for graph 41/42
Running dot for graph 42/42
Patching output file 1/23
Patching output file 2/23
Patching output file 3/23
Patching output file 4/23
Patching output file 5/23
Patching output file 6/23
Patching output file 7/23
Patching output file 8/23
Patching output file 9/23
Patching output file 10/23
Patching output file 11/23
Patching output file 12/23
Patching output file 13/23
Patching output file 14/23
Patching output file 15/23
Patching output file 16/23
Patching output file 17/23
Patching output file 18/23
Patching output file 19/23
Patching output file 20/23
Patching output file 21/23
Patching output file 22/23
Patching output file 23/23
lookup cache used 90/65536 hits=301 misses=94
finished...
